CRITICAL - 2023-05-03 17:22:38 --> Class "Locale" not found
in SYSTEMPATH\CodeIgniter.php on line 194.
 1 FCPATH\index.php(55): CodeIgniter\CodeIgniter->initialize()
CRITICAL - 2023-05-03 17:23:00 --> Class "Locale" not found
in SYSTEMPATH\CodeIgniter.php on line 194.
 1 FCPATH\index.php(55): CodeIgniter\CodeIgniter->initialize()
CRITICAL - 2023-05-03 17:23:16 --> Class "Locale" not found
in SYSTEMPATH\CodeIgniter.php on line 194.
 1 FCPATH\index.php(55): CodeIgniter\CodeIgniter->initialize()
CRITICAL - 2023-05-03 17:23:22 --> Class "Locale" not found
in SYSTEMPATH\CodeIgniter.php on line 194.
 1 FCPATH\index.php(55): CodeIgniter\CodeIgniter->initialize()
CRITICAL - 2023-05-03 17:23:24 --> Class "Locale" not found
in SYSTEMPATH\CodeIgniter.php on line 194.
 1 FCPATH\index.php(55): CodeIgniter\CodeIgniter->initialize()
CRITICAL - 2023-05-03 17:23:56 --> Class "Locale" not found
in SYSTEMPATH\CodeIgniter.php on line 194.
 1 FCPATH\index.php(55): CodeIgniter\CodeIgniter->initialize()
CRITICAL - 2023-05-03 17:28:45 --> Class "Locale" not found
in SYSTEMPATH\CodeIgniter.php on line 194.
 1 FCPATH\index.php(55): CodeIgniter\CodeIgniter->initialize()
CRITICAL - 2023-05-03 17:28:48 --> Class "Locale" not found
in SYSTEMPATH\CodeIgniter.php on line 194.
 1 FCPATH\index.php(55): CodeIgniter\CodeIgniter->initialize()
CRITICAL - 2023-05-03 17:28:54 --> Class "Locale" not found
in SYSTEMPATH\CodeIgniter.php on line 194.
 1 FCPATH\index.php(55): CodeIgniter\CodeIgniter->initialize()
CRITICAL - 2023-05-03 17:29:02 --> Class "Locale" not found
in SYSTEMPATH\CodeIgniter.php on line 194.
 1 FCPATH\index.php(55): CodeIgniter\CodeIgniter->initialize()
ERROR - 2023-05-03 15:30:51 --> Error connecting to the database: mysqli_sql_exception: Unknown database 'vulpisbd' in C:\xampp\htdocs\pagina-Programacion-en-redes\system\Database\MySQLi\Connection.php:174
Stack trace:
#0 C:\xampp\htdocs\pagina-Programacion-en-redes\system\Database\MySQLi\Connection.php(174): mysqli->real_connect('localhost', 'root', '', 'vulpisbd', 3306, '', 0)
#1 C:\xampp\htdocs\pagina-Programacion-en-redes\system\Database\BaseConnection.php(391): CodeIgniter\Database\MySQLi\Connection->connect(false)
#2 C:\xampp\htdocs\pagina-Programacion-en-redes\system\Database\BaseConnection.php(574): CodeIgniter\Database\BaseConnection->initialize()
#3 C:\xampp\htdocs\pagina-Programacion-en-redes\app\Models\usuariosModel.php(13): CodeIgniter\Database\BaseConnection->query('SELECT * FROM u...')
#4 C:\xampp\htdocs\pagina-Programacion-en-redes\app\Controllers\Home.php(13): App\Models\usuariosModel->mostrarUsuarios()
#5 C:\xampp\htdocs\pagina-Programacion-en-redes\system\CodeIgniter.php(934): App\Controllers\Home->contacto()
#6 C:\xampp\htdocs\pagina-Programacion-en-redes\system\CodeIgniter.php(499): CodeIgniter\CodeIgniter->runController(Object(App\Controllers\Home))
#7 C:\xampp\htdocs\pagina-Programacion-en-redes\system\CodeIgniter.php(368): CodeIgniter\CodeIgniter->handleRequest(NULL, Object(Config\Cache), false)
#8 C:\xampp\htdocs\pagina-Programacion-en-redes\index.php(67): CodeIgniter\CodeIgniter->run()
#9 {main}

Next CodeIgniter\Database\Exceptions\DatabaseException: Unknown database 'vulpisbd' in C:\xampp\htdocs\pagina-Programacion-en-redes\system\Database\MySQLi\Connection.php:218
Stack trace:
#0 C:\xampp\htdocs\pagina-Programacion-en-redes\system\Database\BaseConnection.php(391): CodeIgniter\Database\MySQLi\Connection->connect(false)
#1 C:\xampp\htdocs\pagina-Programacion-en-redes\system\Database\BaseConnection.php(574): CodeIgniter\Database\BaseConnection->initialize()
#2 C:\xampp\htdocs\pagina-Programacion-en-redes\app\Models\usuariosModel.php(13): CodeIgniter\Database\BaseConnection->query('SELECT * FROM u...')
#3 C:\xampp\htdocs\pagina-Programacion-en-redes\app\Controllers\Home.php(13): App\Models\usuariosModel->mostrarUsuarios()
#4 C:\xampp\htdocs\pagina-Programacion-en-redes\system\CodeIgniter.php(934): App\Controllers\Home->contacto()
#5 C:\xampp\htdocs\pagina-Programacion-en-redes\system\CodeIgniter.php(499): CodeIgniter\CodeIgniter->runController(Object(App\Controllers\Home))
#6 C:\xampp\htdocs\pagina-Programacion-en-redes\system\CodeIgniter.php(368): CodeIgniter\CodeIgniter->handleRequest(NULL, Object(Config\Cache), false)
#7 C:\xampp\htdocs\pagina-Programacion-en-redes\index.php(67): CodeIgniter\CodeIgniter->run()
#8 {main}
CRITICAL - 2023-05-03 15:30:51 --> Unable to connect to the database.
Main connection [MySQLi]: Unknown database 'vulpisbd'
in SYSTEMPATH\Database\BaseConnection.php on line 427.
 1 SYSTEMPATH\Database\BaseConnection.php(574): CodeIgniter\Database\BaseConnection->initialize()
 2 APPPATH\Models\usuariosModel.php(13): CodeIgniter\Database\BaseConnection->query('SELECT * FROM usuarios')
 3 APPPATH\Controllers\Home.php(13): App\Models\usuariosModel->mostrarUsuarios()
 4 SYSTEMPATH\CodeIgniter.php(934): App\Controllers\Home->contacto()
 5 SYSTEMPATH\CodeIgniter.php(499): CodeIgniter\CodeIgniter->runController(Object(App\Controllers\Home))
 6 SYSTEMPATH\CodeIgniter.php(368): CodeIgniter\CodeIgniter->handleRequest(null, Object(Config\Cache), false)
 7 FCPATH\index.php(67): CodeIgniter\CodeIgniter->run()
