CRITICAL - 2023-06-01 11:02:16 --> Undefined variable $usuario
in APPPATH\Views\login.php on line 7.
 1 APPPATH\Views\login.php(7): CodeIgniter\Debug\Exceptions->errorHandler(2, 'Undefined variable $usuario', 'C:\\xampp\\htdocs\\pagina-Programacion-en-redes\\app\\Views\\login.php', 7)
 2 SYSTEMPATH\View\View.php(213): include('C:\\xampp\\htdocs\\pagina-Programacion-en-redes\\app\\Views\\login.php')
 3 SYSTEMPATH\View\View.php(216): CodeIgniter\View\View->CodeIgniter\View\{closure}()
 4 SYSTEMPATH\Common.php(1184): CodeIgniter\View\View->render('login', [], true)
 5 APPPATH\Controllers\Home.php(9): view('login')
 6 SYSTEMPATH\CodeIgniter.php(934): App\Controllers\Home->index()
 7 SYSTEMPATH\CodeIgniter.php(499): CodeIgniter\CodeIgniter->runController(Object(App\Controllers\Home))
 8 SYSTEMPATH\CodeIgniter.php(368): CodeIgniter\CodeIgniter->handleRequest(null, Object(Config\Cache), false)
 9 FCPATH\index.php(67): CodeIgniter\CodeIgniter->run()
CRITICAL - 2023-06-01 11:35:26 --> Undefined array key 0
in APPPATH\Controllers\ContactoController.php on line 62.
 1 APPPATH\Controllers\ContactoController.php(62): CodeIgniter\Debug\Exceptions->errorHandler(2, 'Undefined array key 0', 'C:\\xampp\\htdocs\\pagina-Programacion-en-redes\\app\\Controllers\\ContactoController.php', 62)
 2 SYSTEMPATH\CodeIgniter.php(934): App\Controllers\ContactoController->loginPost()
 3 SYSTEMPATH\CodeIgniter.php(499): CodeIgniter\CodeIgniter->runController(Object(App\Controllers\ContactoController))
 4 SYSTEMPATH\CodeIgniter.php(368): CodeIgniter\CodeIgniter->handleRequest(null, Object(Config\Cache), false)
 5 FCPATH\index.php(67): CodeIgniter\CodeIgniter->run()
CRITICAL - 2023-06-01 11:52:47 --> Undefined variable $datasUsuario
in APPPATH\Controllers\ContactoController.php on line 72.
 1 APPPATH\Controllers\ContactoController.php(72): CodeIgniter\Debug\Exceptions->errorHandler(2, 'Undefined variable $datasUsuario', 'C:\\xampp\\htdocs\\pagina-Programacion-en-redes\\app\\Controllers\\ContactoController.php', 72)
 2 SYSTEMPATH\CodeIgniter.php(934): App\Controllers\ContactoController->loginPost()
 3 SYSTEMPATH\CodeIgniter.php(499): CodeIgniter\CodeIgniter->runController(Object(App\Controllers\ContactoController))
 4 SYSTEMPATH\CodeIgniter.php(368): CodeIgniter\CodeIgniter->handleRequest(null, Object(Config\Cache), false)
 5 FCPATH\index.php(67): CodeIgniter\CodeIgniter->run()
CRITICAL - 2023-06-01 11:52:57 --> Undefined variable $datasUsuario
in APPPATH\Controllers\ContactoController.php on line 72.
 1 APPPATH\Controllers\ContactoController.php(72): CodeIgniter\Debug\Exceptions->errorHandler(2, 'Undefined variable $datasUsuario', 'C:\\xampp\\htdocs\\pagina-Programacion-en-redes\\app\\Controllers\\ContactoController.php', 72)
 2 SYSTEMPATH\CodeIgniter.php(934): App\Controllers\ContactoController->loginPost()
 3 SYSTEMPATH\CodeIgniter.php(499): CodeIgniter\CodeIgniter->runController(Object(App\Controllers\ContactoController))
 4 SYSTEMPATH\CodeIgniter.php(368): CodeIgniter\CodeIgniter->handleRequest(null, Object(Config\Cache), false)
 5 FCPATH\index.php(67): CodeIgniter\CodeIgniter->run()
CRITICAL - 2023-06-01 12:00:43 --> syntax error, unexpected token "}", expecting "," or ";"
in APPPATH\Controllers\ContactoController.php on line 77.
 1 SYSTEMPATH\Autoloader\Autoloader.php(289): CodeIgniter\Autoloader\Autoloader->includeFile('C:\\xampp\\htdocs\\pagina-Programacion-en-redes\\app\\Controllers\\ContactoController.php')
 2 SYSTEMPATH\Autoloader\Autoloader.php(267): CodeIgniter\Autoloader\Autoloader->loadInNamespace('App\\Controllers\\ContactoController')
 3 [internal function]: CodeIgniter\Autoloader\Autoloader->loadClass('App\\Controllers\\ContactoController')
 4 SYSTEMPATH\CodeIgniter.php(892): class_exists('\\App\\Controllers\\ContactoController', true)
 5 SYSTEMPATH\CodeIgniter.php(486): CodeIgniter\CodeIgniter->startController()
 6 SYSTEMPATH\CodeIgniter.php(368): CodeIgniter\CodeIgniter->handleRequest(null, Object(Config\Cache), false)
 7 FCPATH\index.php(67): CodeIgniter\CodeIgniter->run()
CRITICAL - 2023-06-01 12:01:08 --> Undefined variable $Ususario
in APPPATH\Controllers\ContactoController.php on line 75.
 1 APPPATH\Controllers\ContactoController.php(75): CodeIgniter\Debug\Exceptions->errorHandler(2, 'Undefined variable $Ususario', 'C:\\xampp\\htdocs\\pagina-Programacion-en-redes\\app\\Controllers\\ContactoController.php', 75)
 2 SYSTEMPATH\CodeIgniter.php(934): App\Controllers\ContactoController->loginPost()
 3 SYSTEMPATH\CodeIgniter.php(499): CodeIgniter\CodeIgniter->runController(Object(App\Controllers\ContactoController))
 4 SYSTEMPATH\CodeIgniter.php(368): CodeIgniter\CodeIgniter->handleRequest(null, Object(Config\Cache), false)
 5 FCPATH\index.php(67): CodeIgniter\CodeIgniter->run()
CRITICAL - 2023-06-01 12:01:42 --> syntax error, unexpected token "if"
in APPPATH\Controllers\ContactoController.php on line 62.
 1 SYSTEMPATH\Autoloader\Autoloader.php(289): CodeIgniter\Autoloader\Autoloader->includeFile('C:\\xampp\\htdocs\\pagina-Programacion-en-redes\\app\\Controllers\\ContactoController.php')
 2 SYSTEMPATH\Autoloader\Autoloader.php(267): CodeIgniter\Autoloader\Autoloader->loadInNamespace('App\\Controllers\\ContactoController')
 3 [internal function]: CodeIgniter\Autoloader\Autoloader->loadClass('App\\Controllers\\ContactoController')
 4 SYSTEMPATH\CodeIgniter.php(892): class_exists('\\App\\Controllers\\ContactoController', true)
 5 SYSTEMPATH\CodeIgniter.php(486): CodeIgniter\CodeIgniter->startController()
 6 SYSTEMPATH\CodeIgniter.php(368): CodeIgniter\CodeIgniter->handleRequest(null, Object(Config\Cache), false)
 7 FCPATH\index.php(67): CodeIgniter\CodeIgniter->run()
CRITICAL - 2023-06-01 12:02:01 --> Undefined variable $Ususario
in APPPATH\Controllers\ContactoController.php on line 61.
 1 APPPATH\Controllers\ContactoController.php(61): CodeIgniter\Debug\Exceptions->errorHandler(2, 'Undefined variable $Ususario', 'C:\\xampp\\htdocs\\pagina-Programacion-en-redes\\app\\Controllers\\ContactoController.php', 61)
 2 SYSTEMPATH\CodeIgniter.php(934): App\Controllers\ContactoController->loginPost()
 3 SYSTEMPATH\CodeIgniter.php(499): CodeIgniter\CodeIgniter->runController(Object(App\Controllers\ContactoController))
 4 SYSTEMPATH\CodeIgniter.php(368): CodeIgniter\CodeIgniter->handleRequest(null, Object(Config\Cache), false)
 5 FCPATH\index.php(67): CodeIgniter\CodeIgniter->run()
CRITICAL - 2023-06-01 12:09:06 --> Undefined variable $Ususario
in APPPATH\Controllers\ContactoController.php on line 65.
 1 APPPATH\Controllers\ContactoController.php(65): CodeIgniter\Debug\Exceptions->errorHandler(2, 'Undefined variable $Ususario', 'C:\\xampp\\htdocs\\pagina-Programacion-en-redes\\app\\Controllers\\ContactoController.php', 65)
 2 SYSTEMPATH\CodeIgniter.php(934): App\Controllers\ContactoController->loginPost()
 3 SYSTEMPATH\CodeIgniter.php(499): CodeIgniter\CodeIgniter->runController(Object(App\Controllers\ContactoController))
 4 SYSTEMPATH\CodeIgniter.php(368): CodeIgniter\CodeIgniter->handleRequest(null, Object(Config\Cache), false)
 5 FCPATH\index.php(67): CodeIgniter\CodeIgniter->run()
CRITICAL - 2023-06-01 12:09:31 --> Undefined variable $password
in APPPATH\Controllers\ContactoController.php on line 77.
 1 APPPATH\Controllers\ContactoController.php(77): CodeIgniter\Debug\Exceptions->errorHandler(2, 'Undefined variable $password', 'C:\\xampp\\htdocs\\pagina-Programacion-en-redes\\app\\Controllers\\ContactoController.php', 77)
 2 SYSTEMPATH\CodeIgniter.php(934): App\Controllers\ContactoController->loginPost()
 3 SYSTEMPATH\CodeIgniter.php(499): CodeIgniter\CodeIgniter->runController(Object(App\Controllers\ContactoController))
 4 SYSTEMPATH\CodeIgniter.php(368): CodeIgniter\CodeIgniter->handleRequest(null, Object(Config\Cache), false)
 5 FCPATH\index.php(67): CodeIgniter\CodeIgniter->run()
INFO - 2023-06-01 12:22:21 --> Session: Class initialized using 'CodeIgniter\Session\Handlers\FileHandler' driver.
CRITICAL - 2023-06-01 12:23:46 --> Undefined array key 4
in APPPATH\Controllers\ContactoController.php on line 75.
 1 APPPATH\Controllers\ContactoController.php(75): CodeIgniter\Debug\Exceptions->errorHandler(2, 'Undefined array key 4', 'C:\\xampp\\htdocs\\pagina-Programacion-en-redes\\app\\Controllers\\ContactoController.php', 75)
 2 SYSTEMPATH\CodeIgniter.php(934): App\Controllers\ContactoController->loginPost()
 3 SYSTEMPATH\CodeIgniter.php(499): CodeIgniter\CodeIgniter->runController(Object(App\Controllers\ContactoController))
 4 SYSTEMPATH\CodeIgniter.php(368): CodeIgniter\CodeIgniter->handleRequest(null, Object(Config\Cache), false)
 5 FCPATH\index.php(67): CodeIgniter\CodeIgniter->run()
CRITICAL - 2023-06-01 12:25:30 --> Call to undefined function App\Controllers\return_r()
in APPPATH\Controllers\ContactoController.php on line 86.
 1 SYSTEMPATH\CodeIgniter.php(934): App\Controllers\ContactoController->loginPost()
 2 SYSTEMPATH\CodeIgniter.php(499): CodeIgniter\CodeIgniter->runController(Object(App\Controllers\ContactoController))
 3 SYSTEMPATH\CodeIgniter.php(368): CodeIgniter\CodeIgniter->handleRequest(null, Object(Config\Cache), false)
 4 FCPATH\index.php(67): CodeIgniter\CodeIgniter->run()
CRITICAL - 2023-06-01 12:26:15 --> Undefined constant "App\Controllers\pass_usuario"
in APPPATH\Controllers\ContactoController.php on line 75.
 1 SYSTEMPATH\CodeIgniter.php(934): App\Controllers\ContactoController->loginPost()
 2 SYSTEMPATH\CodeIgniter.php(499): CodeIgniter\CodeIgniter->runController(Object(App\Controllers\ContactoController))
 3 SYSTEMPATH\CodeIgniter.php(368): CodeIgniter\CodeIgniter->handleRequest(null, Object(Config\Cache), false)
 4 FCPATH\index.php(67): CodeIgniter\CodeIgniter->run()
CRITICAL - 2023-06-01 12:26:36 --> Undefined array key "[pass_usuario]"
in APPPATH\Controllers\ContactoController.php on line 75.
 1 APPPATH\Controllers\ContactoController.php(75): CodeIgniter\Debug\Exceptions->errorHandler(2, 'Undefined array key "[pass_usuario]"', 'C:\\xampp\\htdocs\\pagina-Programacion-en-redes\\app\\Controllers\\ContactoController.php', 75)
 2 SYSTEMPATH\CodeIgniter.php(934): App\Controllers\ContactoController->loginPost()
 3 SYSTEMPATH\CodeIgniter.php(499): CodeIgniter\CodeIgniter->runController(Object(App\Controllers\ContactoController))
 4 SYSTEMPATH\CodeIgniter.php(368): CodeIgniter\CodeIgniter->handleRequest(null, Object(Config\Cache), false)
 5 FCPATH\index.php(67): CodeIgniter\CodeIgniter->run()
CRITICAL - 2023-06-01 13:35:29 --> Class "App\Controllers\registroModel" not found
in APPPATH\Controllers\ContactoController.php on line 61.
 1 SYSTEMPATH\CodeIgniter.php(934): App\Controllers\ContactoController->registroPost()
 2 SYSTEMPATH\CodeIgniter.php(499): CodeIgniter\CodeIgniter->runController(Object(App\Controllers\ContactoController))
 3 SYSTEMPATH\CodeIgniter.php(368): CodeIgniter\CodeIgniter->handleRequest(null, Object(Config\Cache), false)
 4 FCPATH\index.php(67): CodeIgniter\CodeIgniter->run()
CRITICAL - 2023-06-01 13:36:26 --> Class "App\Controllers\registroModel" not found
in APPPATH\Controllers\ContactoController.php on line 61.
 1 SYSTEMPATH\CodeIgniter.php(934): App\Controllers\ContactoController->registroPost()
 2 SYSTEMPATH\CodeIgniter.php(499): CodeIgniter\CodeIgniter->runController(Object(App\Controllers\ContactoController))
 3 SYSTEMPATH\CodeIgniter.php(368): CodeIgniter\CodeIgniter->handleRequest(null, Object(Config\Cache), false)
 4 FCPATH\index.php(67): CodeIgniter\CodeIgniter->run()
CRITICAL - 2023-06-01 13:37:00 --> Cannot declare class App\Models\loginModel, because the name is already in use
in APPPATH\Models\registroModel.php on line 4.
 1 [internal function]: CodeIgniter\Debug\Exceptions->shutdownHandler()
CRITICAL - 2023-06-01 13:37:45 --> Undefined array key "nombre"
in APPPATH\Models\registroModel.php on line 8.
 1 APPPATH\Models\registroModel.php(8): CodeIgniter\Debug\Exceptions->errorHandler(2, 'Undefined array key "nombre"', 'C:\\xampp\\htdocs\\pagina-Programacion-en-redes\\app\\Models\\registroModel.php', 8)
 2 APPPATH\Controllers\ContactoController.php(72): App\Models\registroModel->crearUsuario([...])
 3 SYSTEMPATH\CodeIgniter.php(934): App\Controllers\ContactoController->registroPost()
 4 SYSTEMPATH\CodeIgniter.php(499): CodeIgniter\CodeIgniter->runController(Object(App\Controllers\ContactoController))
 5 SYSTEMPATH\CodeIgniter.php(368): CodeIgniter\CodeIgniter->handleRequest(null, Object(Config\Cache), false)
 6 FCPATH\index.php(67): CodeIgniter\CodeIgniter->run()
CRITICAL - 2023-06-01 13:37:59 --> Undefined array key 0
in APPPATH\Models\registroModel.php on line 8.
 1 APPPATH\Models\registroModel.php(8): CodeIgniter\Debug\Exceptions->errorHandler(2, 'Undefined array key 0', 'C:\\xampp\\htdocs\\pagina-Programacion-en-redes\\app\\Models\\registroModel.php', 8)
 2 APPPATH\Controllers\ContactoController.php(72): App\Models\registroModel->crearUsuario([...])
 3 SYSTEMPATH\CodeIgniter.php(934): App\Controllers\ContactoController->registroPost()
 4 SYSTEMPATH\CodeIgniter.php(499): CodeIgniter\CodeIgniter->runController(Object(App\Controllers\ContactoController))
 5 SYSTEMPATH\CodeIgniter.php(368): CodeIgniter\CodeIgniter->handleRequest(null, Object(Config\Cache), false)
 6 FCPATH\index.php(67): CodeIgniter\CodeIgniter->run()
CRITICAL - 2023-06-01 13:38:25 --> Undefined array key 0
in APPPATH\Models\registroModel.php on line 8.
 1 APPPATH\Models\registroModel.php(8): CodeIgniter\Debug\Exceptions->errorHandler(2, 'Undefined array key 0', 'C:\\xampp\\htdocs\\pagina-Programacion-en-redes\\app\\Models\\registroModel.php', 8)
 2 APPPATH\Controllers\ContactoController.php(72): App\Models\registroModel->crearUsuario([...])
 3 SYSTEMPATH\CodeIgniter.php(934): App\Controllers\ContactoController->registroPost()
 4 SYSTEMPATH\CodeIgniter.php(499): CodeIgniter\CodeIgniter->runController(Object(App\Controllers\ContactoController))
 5 SYSTEMPATH\CodeIgniter.php(368): CodeIgniter\CodeIgniter->handleRequest(null, Object(Config\Cache), false)
 6 FCPATH\index.php(67): CodeIgniter\CodeIgniter->run()
CRITICAL - 2023-06-01 13:39:34 --> Undefined array key "nombre"
in APPPATH\Models\registroModel.php on line 8.
 1 APPPATH\Models\registroModel.php(8): CodeIgniter\Debug\Exceptions->errorHandler(2, 'Undefined array key "nombre"', 'C:\\xampp\\htdocs\\pagina-Programacion-en-redes\\app\\Models\\registroModel.php', 8)
 2 APPPATH\Controllers\ContactoController.php(72): App\Models\registroModel->crearUsuario([...])
 3 SYSTEMPATH\CodeIgniter.php(934): App\Controllers\ContactoController->registroPost()
 4 SYSTEMPATH\CodeIgniter.php(499): CodeIgniter\CodeIgniter->runController(Object(App\Controllers\ContactoController))
 5 SYSTEMPATH\CodeIgniter.php(368): CodeIgniter\CodeIgniter->handleRequest(null, Object(Config\Cache), false)
 6 FCPATH\index.php(67): CodeIgniter\CodeIgniter->run()
CRITICAL - 2023-06-01 13:43:31 --> Undefined array key "nombre"
in APPPATH\Models\registroModel.php on line 8.
 1 APPPATH\Models\registroModel.php(8): CodeIgniter\Debug\Exceptions->errorHandler(2, 'Undefined array key "nombre"', 'C:\\xampp\\htdocs\\pagina-Programacion-en-redes\\app\\Models\\registroModel.php', 8)
 2 APPPATH\Controllers\ContactoController.php(72): App\Models\registroModel->crearUsuario([...])
 3 SYSTEMPATH\CodeIgniter.php(934): App\Controllers\ContactoController->registroPost()
 4 SYSTEMPATH\CodeIgniter.php(499): CodeIgniter\CodeIgniter->runController(Object(App\Controllers\ContactoController))
 5 SYSTEMPATH\CodeIgniter.php(368): CodeIgniter\CodeIgniter->handleRequest(null, Object(Config\Cache), false)
 6 FCPATH\index.php(67): CodeIgniter\CodeIgniter->run()
CRITICAL - 2023-06-01 13:45:10 --> Undefined array key "nombre"
in APPPATH\Models\registroModel.php on line 8.
 1 APPPATH\Models\registroModel.php(8): CodeIgniter\Debug\Exceptions->errorHandler(2, 'Undefined array key "nombre"', 'C:\\xampp\\htdocs\\pagina-Programacion-en-redes\\app\\Models\\registroModel.php', 8)
 2 APPPATH\Controllers\ContactoController.php(72): App\Models\registroModel->crearUsuario([...])
 3 SYSTEMPATH\CodeIgniter.php(934): App\Controllers\ContactoController->registroPost()
 4 SYSTEMPATH\CodeIgniter.php(499): CodeIgniter\CodeIgniter->runController(Object(App\Controllers\ContactoController))
 5 SYSTEMPATH\CodeIgniter.php(368): CodeIgniter\CodeIgniter->handleRequest(null, Object(Config\Cache), false)
 6 FCPATH\index.php(67): CodeIgniter\CodeIgniter->run()
CRITICAL - 2023-06-01 13:46:16 --> Undefined array key "nombre"
in APPPATH\Models\registroModel.php on line 8.
 1 APPPATH\Models\registroModel.php(8): CodeIgniter\Debug\Exceptions->errorHandler(2, 'Undefined array key "nombre"', 'C:\\xampp\\htdocs\\pagina-Programacion-en-redes\\app\\Models\\registroModel.php', 8)
 2 APPPATH\Controllers\ContactoController.php(72): App\Models\registroModel->crearUsuario([...])
 3 SYSTEMPATH\CodeIgniter.php(934): App\Controllers\ContactoController->registroPost()
 4 SYSTEMPATH\CodeIgniter.php(499): CodeIgniter\CodeIgniter->runController(Object(App\Controllers\ContactoController))
 5 SYSTEMPATH\CodeIgniter.php(368): CodeIgniter\CodeIgniter->handleRequest(null, Object(Config\Cache), false)
 6 FCPATH\index.php(67): CodeIgniter\CodeIgniter->run()
CRITICAL - 2023-06-01 13:48:13 --> Undefined array key "nombre"
in APPPATH\Models\registroModel.php on line 8.
 1 APPPATH\Models\registroModel.php(8): CodeIgniter\Debug\Exceptions->errorHandler(2, 'Undefined array key "nombre"', 'C:\\xampp\\htdocs\\pagina-Programacion-en-redes\\app\\Models\\registroModel.php', 8)
 2 APPPATH\Controllers\ContactoController.php(72): App\Models\registroModel->crearUsuario([...])
 3 SYSTEMPATH\CodeIgniter.php(934): App\Controllers\ContactoController->registroPost()
 4 SYSTEMPATH\CodeIgniter.php(499): CodeIgniter\CodeIgniter->runController(Object(App\Controllers\ContactoController))
 5 SYSTEMPATH\CodeIgniter.php(368): CodeIgniter\CodeIgniter->handleRequest(null, Object(Config\Cache), false)
 6 FCPATH\index.php(67): CodeIgniter\CodeIgniter->run()
CRITICAL - 2023-06-01 13:48:17 --> Undefined array key "nombre"
in APPPATH\Models\registroModel.php on line 8.
 1 APPPATH\Models\registroModel.php(8): CodeIgniter\Debug\Exceptions->errorHandler(2, 'Undefined array key "nombre"', 'C:\\xampp\\htdocs\\pagina-Programacion-en-redes\\app\\Models\\registroModel.php', 8)
 2 APPPATH\Controllers\ContactoController.php(72): App\Models\registroModel->crearUsuario([...])
 3 SYSTEMPATH\CodeIgniter.php(934): App\Controllers\ContactoController->registroPost()
 4 SYSTEMPATH\CodeIgniter.php(499): CodeIgniter\CodeIgniter->runController(Object(App\Controllers\ContactoController))
 5 SYSTEMPATH\CodeIgniter.php(368): CodeIgniter\CodeIgniter->handleRequest(null, Object(Config\Cache), false)
 6 FCPATH\index.php(67): CodeIgniter\CodeIgniter->run()
CRITICAL - 2023-06-01 13:52:06 --> Undefined array key "nombre"
in APPPATH\Controllers\ContactoController.php on line 68.
 1 APPPATH\Controllers\ContactoController.php(68): CodeIgniter\Debug\Exceptions->errorHandler(2, 'Undefined array key "nombre"', 'C:\\xampp\\htdocs\\pagina-Programacion-en-redes\\app\\Controllers\\ContactoController.php', 68)
 2 SYSTEMPATH\CodeIgniter.php(934): App\Controllers\ContactoController->registroPost()
 3 SYSTEMPATH\CodeIgniter.php(499): CodeIgniter\CodeIgniter->runController(Object(App\Controllers\ContactoController))
 4 SYSTEMPATH\CodeIgniter.php(368): CodeIgniter\CodeIgniter->handleRequest(null, Object(Config\Cache), false)
 5 FCPATH\index.php(67): CodeIgniter\CodeIgniter->run()
CRITICAL - 2023-06-01 13:52:09 --> Undefined array key "nombre"
in APPPATH\Controllers\ContactoController.php on line 68.
 1 APPPATH\Controllers\ContactoController.php(68): CodeIgniter\Debug\Exceptions->errorHandler(2, 'Undefined array key "nombre"', 'C:\\xampp\\htdocs\\pagina-Programacion-en-redes\\app\\Controllers\\ContactoController.php', 68)
 2 SYSTEMPATH\CodeIgniter.php(934): App\Controllers\ContactoController->registroPost()
 3 SYSTEMPATH\CodeIgniter.php(499): CodeIgniter\CodeIgniter->runController(Object(App\Controllers\ContactoController))
 4 SYSTEMPATH\CodeIgniter.php(368): CodeIgniter\CodeIgniter->handleRequest(null, Object(Config\Cache), false)
 5 FCPATH\index.php(67): CodeIgniter\CodeIgniter->run()
CRITICAL - 2023-06-01 13:52:31 --> Undefined array key "nombre"
in APPPATH\Controllers\ContactoController.php on line 68.
 1 APPPATH\Controllers\ContactoController.php(68): CodeIgniter\Debug\Exceptions->errorHandler(2, 'Undefined array key "nombre"', 'C:\\xampp\\htdocs\\pagina-Programacion-en-redes\\app\\Controllers\\ContactoController.php', 68)
 2 SYSTEMPATH\CodeIgniter.php(934): App\Controllers\ContactoController->registroPost()
 3 SYSTEMPATH\CodeIgniter.php(499): CodeIgniter\CodeIgniter->runController(Object(App\Controllers\ContactoController))
 4 SYSTEMPATH\CodeIgniter.php(368): CodeIgniter\CodeIgniter->handleRequest(null, Object(Config\Cache), false)
 5 FCPATH\index.php(67): CodeIgniter\CodeIgniter->run()
CRITICAL - 2023-06-01 13:52:44 --> Undefined array key "nombre"
in APPPATH\Models\registroModel.php on line 8.
 1 APPPATH\Models\registroModel.php(8): CodeIgniter\Debug\Exceptions->errorHandler(2, 'Undefined array key "nombre"', 'C:\\xampp\\htdocs\\pagina-Programacion-en-redes\\app\\Models\\registroModel.php', 8)
 2 APPPATH\Controllers\ContactoController.php(72): App\Models\registroModel->crearUsuario([...])
 3 SYSTEMPATH\CodeIgniter.php(934): App\Controllers\ContactoController->registroPost()
 4 SYSTEMPATH\CodeIgniter.php(499): CodeIgniter\CodeIgniter->runController(Object(App\Controllers\ContactoController))
 5 SYSTEMPATH\CodeIgniter.php(368): CodeIgniter\CodeIgniter->handleRequest(null, Object(Config\Cache), false)
 6 FCPATH\index.php(67): CodeIgniter\CodeIgniter->run()
CRITICAL - 2023-06-01 13:52:50 --> Undefined array key "nombre"
in APPPATH\Models\registroModel.php on line 8.
 1 APPPATH\Models\registroModel.php(8): CodeIgniter\Debug\Exceptions->errorHandler(2, 'Undefined array key "nombre"', 'C:\\xampp\\htdocs\\pagina-Programacion-en-redes\\app\\Models\\registroModel.php', 8)
 2 APPPATH\Controllers\ContactoController.php(72): App\Models\registroModel->crearUsuario([...])
 3 SYSTEMPATH\CodeIgniter.php(934): App\Controllers\ContactoController->registroPost()
 4 SYSTEMPATH\CodeIgniter.php(499): CodeIgniter\CodeIgniter->runController(Object(App\Controllers\ContactoController))
 5 SYSTEMPATH\CodeIgniter.php(368): CodeIgniter\CodeIgniter->handleRequest(null, Object(Config\Cache), false)
 6 FCPATH\index.php(67): CodeIgniter\CodeIgniter->run()
