ERROR - 2023-05-23 14:15:04 --> Error connecting to the database: mysqli_sql_exception: Unknown database 'vulpisbd' in C:\xampp\htdocs\pagina-Programacion-en-redes\system\Database\MySQLi\Connection.php:174
Stack trace:
#0 C:\xampp\htdocs\pagina-Programacion-en-redes\system\Database\MySQLi\Connection.php(174): mysqli->real_connect('localhost', 'root', '', 'vulpisbd', 3306, '', 0)
#1 C:\xampp\htdocs\pagina-Programacion-en-redes\system\Database\BaseConnection.php(391): CodeIgniter\Database\MySQLi\Connection->connect(false)
#2 C:\xampp\htdocs\pagina-Programacion-en-redes\system\Database\BaseConnection.php(574): CodeIgniter\Database\BaseConnection->initialize()
#3 C:\xampp\htdocs\pagina-Programacion-en-redes\system\Database\BaseConnection.php(1409): CodeIgniter\Database\BaseConnection->query('SHOW TABLES FRO...')
#4 C:\xampp\htdocs\pagina-Programacion-en-redes\system\Database\BaseConnection.php(1428): CodeIgniter\Database\BaseConnection->listTables()
#5 C:\xampp\htdocs\pagina-Programacion-en-redes\system\Database\MigrationRunner.php(768): CodeIgniter\Database\BaseConnection->tableExists('migrations')
#6 C:\xampp\htdocs\pagina-Programacion-en-redes\system\Database\MigrationRunner.php(168): CodeIgniter\Database\MigrationRunner->ensureTable()
#7 C:\xampp\htdocs\pagina-Programacion-en-redes\system\Commands\Database\Migrate.php(84): CodeIgniter\Database\MigrationRunner->latest(NULL)
#8 C:\xampp\htdocs\pagina-Programacion-en-redes\system\CLI\Commands.php(65): CodeIgniter\Commands\Database\Migrate->run(Array)
#9 C:\xampp\htdocs\pagina-Programacion-en-redes\system\CLI\Console.php(37): CodeIgniter\CLI\Commands->run('migrate', Array)
#10 C:\xampp\htdocs\pagina-Programacion-en-redes\spark(97): CodeIgniter\CLI\Console->run()
#11 {main}

Next CodeIgniter\Database\Exceptions\DatabaseException: Unknown database 'vulpisbd' in C:\xampp\htdocs\pagina-Programacion-en-redes\system\Database\MySQLi\Connection.php:218
Stack trace:
#0 C:\xampp\htdocs\pagina-Programacion-en-redes\system\Database\BaseConnection.php(391): CodeIgniter\Database\MySQLi\Connection->connect(false)
#1 C:\xampp\htdocs\pagina-Programacion-en-redes\system\Database\BaseConnection.php(574): CodeIgniter\Database\BaseConnection->initialize()
#2 C:\xampp\htdocs\pagina-Programacion-en-redes\system\Database\BaseConnection.php(1409): CodeIgniter\Database\BaseConnection->query('SHOW TABLES FRO...')
#3 C:\xampp\htdocs\pagina-Programacion-en-redes\system\Database\BaseConnection.php(1428): CodeIgniter\Database\BaseConnection->listTables()
#4 C:\xampp\htdocs\pagina-Programacion-en-redes\system\Database\MigrationRunner.php(768): CodeIgniter\Database\BaseConnection->tableExists('migrations')
#5 C:\xampp\htdocs\pagina-Programacion-en-redes\system\Database\MigrationRunner.php(168): CodeIgniter\Database\MigrationRunner->ensureTable()
#6 C:\xampp\htdocs\pagina-Programacion-en-redes\system\Commands\Database\Migrate.php(84): CodeIgniter\Database\MigrationRunner->latest(NULL)
#7 C:\xampp\htdocs\pagina-Programacion-en-redes\system\CLI\Commands.php(65): CodeIgniter\Commands\Database\Migrate->run(Array)
#8 C:\xampp\htdocs\pagina-Programacion-en-redes\system\CLI\Console.php(37): CodeIgniter\CLI\Commands->run('migrate', Array)
#9 C:\xampp\htdocs\pagina-Programacion-en-redes\spark(97): CodeIgniter\CLI\Console->run()
#10 {main}
ERROR - 2023-05-23 14:48:03 --> mysqli_sql_exception: Unknown column 'usuario' in 'where clause' in C:\xampp\htdocs\pagina-Programacion-en-redes\system\Database\MySQLi\Connection.php:295
Stack trace:
#0 C:\xampp\htdocs\pagina-Programacion-en-redes\system\Database\MySQLi\Connection.php(295): mysqli->query('SELECT *\nFROM `...', 0)
#1 C:\xampp\htdocs\pagina-Programacion-en-redes\system\Database\BaseConnection.php(692): CodeIgniter\Database\MySQLi\Connection->execute('SELECT *\nFROM `...')
#2 C:\xampp\htdocs\pagina-Programacion-en-redes\system\Database\BaseConnection.php(606): CodeIgniter\Database\BaseConnection->simpleQuery('SELECT *\nFROM `...')
#3 C:\xampp\htdocs\pagina-Programacion-en-redes\system\Database\BaseBuilder.php(1616): CodeIgniter\Database\BaseConnection->query('SELECT *\nFROM `...', Array, false)
#4 C:\xampp\htdocs\pagina-Programacion-en-redes\app\Models\usuariosModel.php(9): CodeIgniter\Database\BaseBuilder->get()
#5 C:\xampp\htdocs\pagina-Programacion-en-redes\app\Controllers\ContactoController.php(59): App\Models\usuariosModel->obtenerUsuario(Array)
#6 C:\xampp\htdocs\pagina-Programacion-en-redes\system\CodeIgniter.php(934): App\Controllers\ContactoController->loginPost()
#7 C:\xampp\htdocs\pagina-Programacion-en-redes\system\CodeIgniter.php(499): CodeIgniter\CodeIgniter->runController(Object(App\Controllers\ContactoController))
#8 C:\xampp\htdocs\pagina-Programacion-en-redes\system\CodeIgniter.php(368): CodeIgniter\CodeIgniter->handleRequest(NULL, Object(Config\Cache), false)
#9 C:\xampp\htdocs\pagina-Programacion-en-redes\index.php(67): CodeIgniter\CodeIgniter->run()
#10 {main}
CRITICAL - 2023-05-23 14:48:03 --> Unknown column 'usuario' in 'where clause'
in SYSTEMPATH\Database\MySQLi\Connection.php on line 295.
 1 SYSTEMPATH\Database\MySQLi\Connection.php(295): mysqli->query('SELECT *
FROM `usuarios`
WHERE `usuario` = \'asd\'', 0)
 2 SYSTEMPATH\Database\BaseConnection.php(692): CodeIgniter\Database\MySQLi\Connection->execute('SELECT *
FROM `usuarios`
WHERE `usuario` = \'asd\'')
 3 SYSTEMPATH\Database\BaseConnection.php(606): CodeIgniter\Database\BaseConnection->simpleQuery('SELECT *
FROM `usuarios`
WHERE `usuario` = \'asd\'')
 4 SYSTEMPATH\Database\BaseBuilder.php(1616): CodeIgniter\Database\BaseConnection->query('SELECT *
FROM `usuarios`
WHERE `usuario` = :usuario:', [...], false)
 5 APPPATH\Models\usuariosModel.php(9): CodeIgniter\Database\BaseBuilder->get()
 6 APPPATH\Controllers\ContactoController.php(59): App\Models\usuariosModel->obtenerUsuario([...])
 7 SYSTEMPATH\CodeIgniter.php(934): App\Controllers\ContactoController->loginPost()
 8 SYSTEMPATH\CodeIgniter.php(499): CodeIgniter\CodeIgniter->runController(Object(App\Controllers\ContactoController))
 9 SYSTEMPATH\CodeIgniter.php(368): CodeIgniter\CodeIgniter->handleRequest(null, Object(Config\Cache), false)
10 FCPATH\index.php(67): CodeIgniter\CodeIgniter->run()
