ERROR - 2023-04-30 20:30:42 --> mysqli_sql_exception: You have an error in your SQL syntax; check the manual that corresponds to your MariaDB server version for the right syntax to use near 'usuarios' at line 1 in C:\xampp\htdocs\Plantilla\system\Database\MySQLi\Connection.php:295
Stack trace:
#0 C:\xampp\htdocs\Plantilla\system\Database\MySQLi\Connection.php(295): mysqli->query('usuarios', 0)
#1 C:\xampp\htdocs\Plantilla\system\Database\BaseConnection.php(692): CodeIgniter\Database\MySQLi\Connection->execute('usuarios')
#2 C:\xampp\htdocs\Plantilla\system\Database\BaseConnection.php(606): CodeIgniter\Database\BaseConnection->simpleQuery('usuarios')
#3 C:\xampp\htdocs\Plantilla\app\Database\Seeds\usuariosSeeder.php(15): CodeIgniter\Database\BaseConnection->query('usuarios')
#4 C:\xampp\htdocs\Plantilla\system\Database\Seeder.php(146): APP\Database\Seeds\usuariosSeeder->run()
#5 C:\xampp\htdocs\Plantilla\system\Commands\Database\Seed.php(77): CodeIgniter\Database\Seeder->call('App\\Database\\Se...')
#6 C:\xampp\htdocs\Plantilla\system\CLI\Commands.php(65): CodeIgniter\Commands\Database\Seed->run(Array)
#7 C:\xampp\htdocs\Plantilla\system\CLI\Console.php(37): CodeIgniter\CLI\Commands->run('db:seed', Array)
#8 C:\xampp\htdocs\Plantilla\spark(97): CodeIgniter\CLI\Console->run()
#9 {main}
ERROR - 2023-04-30 20:32:44 --> mysqli_sql_exception: You have an error in your SQL syntax; check the manual that corresponds to your MariaDB server version for the right syntax to use near 'usuarios' at line 1 in C:\xampp\htdocs\Plantilla\system\Database\MySQLi\Connection.php:295
Stack trace:
#0 C:\xampp\htdocs\Plantilla\system\Database\MySQLi\Connection.php(295): mysqli->query('usuarios', 0)
#1 C:\xampp\htdocs\Plantilla\system\Database\BaseConnection.php(692): CodeIgniter\Database\MySQLi\Connection->execute('usuarios')
#2 C:\xampp\htdocs\Plantilla\system\Database\BaseConnection.php(606): CodeIgniter\Database\BaseConnection->simpleQuery('usuarios')
#3 C:\xampp\htdocs\Plantilla\app\Database\Seeds\usuariosSeeder.php(16): CodeIgniter\Database\BaseConnection->query('usuarios')
#4 C:\xampp\htdocs\Plantilla\system\Database\Seeder.php(146): APP\Database\Seeds\usuariosSeeder->run()
#5 C:\xampp\htdocs\Plantilla\system\Commands\Database\Seed.php(77): CodeIgniter\Database\Seeder->call('App\\Database\\Se...')
#6 C:\xampp\htdocs\Plantilla\system\CLI\Commands.php(65): CodeIgniter\Commands\Database\Seed->run(Array)
#7 C:\xampp\htdocs\Plantilla\system\CLI\Console.php(37): CodeIgniter\CLI\Commands->run('db:seed', Array)
#8 C:\xampp\htdocs\Plantilla\spark(97): CodeIgniter\CLI\Console->run()
#9 {main}
ERROR - 2023-04-30 20:34:29 --> mysqli_sql_exception: You have an error in your SQL syntax; check the manual that corresponds to your MariaDB server version for the right syntax to use near 'usuarios' at line 1 in C:\xampp\htdocs\Plantilla\system\Database\MySQLi\Connection.php:295
Stack trace:
#0 C:\xampp\htdocs\Plantilla\system\Database\MySQLi\Connection.php(295): mysqli->query('usuarios', 0)
#1 C:\xampp\htdocs\Plantilla\system\Database\BaseConnection.php(692): CodeIgniter\Database\MySQLi\Connection->execute('usuarios')
#2 C:\xampp\htdocs\Plantilla\system\Database\BaseConnection.php(606): CodeIgniter\Database\BaseConnection->simpleQuery('usuarios')
#3 C:\xampp\htdocs\Plantilla\app\Database\Seeds\usuariosSeeder.php(16): CodeIgniter\Database\BaseConnection->query('usuarios')
#4 C:\xampp\htdocs\Plantilla\system\Database\Seeder.php(146): APP\Database\Seeds\usuariosSeeder->run()
#5 C:\xampp\htdocs\Plantilla\system\Commands\Database\Seed.php(77): CodeIgniter\Database\Seeder->call('App\\Database\\Se...')
#6 C:\xampp\htdocs\Plantilla\system\CLI\Commands.php(65): CodeIgniter\Commands\Database\Seed->run(Array)
#7 C:\xampp\htdocs\Plantilla\system\CLI\Console.php(37): CodeIgniter\CLI\Commands->run('db:seed', Array)
#8 C:\xampp\htdocs\Plantilla\spark(97): CodeIgniter\CLI\Console->run()
#9 {main}
ERROR - 2023-04-30 20:37:00 --> mysqli_sql_exception: You have an error in your SQL syntax; check the manual that corresponds to your MariaDB server version for the right syntax to use near 'usuarios' at line 1 in C:\xampp\htdocs\Plantilla\system\Database\MySQLi\Connection.php:295
Stack trace:
#0 C:\xampp\htdocs\Plantilla\system\Database\MySQLi\Connection.php(295): mysqli->query('usuarios', 0)
#1 C:\xampp\htdocs\Plantilla\system\Database\BaseConnection.php(692): CodeIgniter\Database\MySQLi\Connection->execute('usuarios')
#2 C:\xampp\htdocs\Plantilla\system\Database\BaseConnection.php(606): CodeIgniter\Database\BaseConnection->simpleQuery('usuarios')
#3 C:\xampp\htdocs\Plantilla\app\Database\Seeds\usuariosSeeder.php(16): CodeIgniter\Database\BaseConnection->query('usuarios')
#4 C:\xampp\htdocs\Plantilla\system\Database\Seeder.php(146): APP\Database\Seeds\usuariosSeeder->run()
#5 C:\xampp\htdocs\Plantilla\system\Commands\Database\Seed.php(77): CodeIgniter\Database\Seeder->call('App\\Database\\Se...')
#6 C:\xampp\htdocs\Plantilla\system\CLI\Commands.php(65): CodeIgniter\Commands\Database\Seed->run(Array)
#7 C:\xampp\htdocs\Plantilla\system\CLI\Console.php(37): CodeIgniter\CLI\Commands->run('db:seed', Array)
#8 C:\xampp\htdocs\Plantilla\spark(97): CodeIgniter\CLI\Console->run()
#9 {main}
ERROR - 2023-04-30 20:40:01 --> mysqli_sql_exception: You have an error in your SQL syntax; check the manual that corresponds to your MariaDB server version for the right syntax to use near 'usuarios' at line 1 in C:\xampp\htdocs\Plantilla\system\Database\MySQLi\Connection.php:295
Stack trace:
#0 C:\xampp\htdocs\Plantilla\system\Database\MySQLi\Connection.php(295): mysqli->query('usuarios', 0)
#1 C:\xampp\htdocs\Plantilla\system\Database\BaseConnection.php(692): CodeIgniter\Database\MySQLi\Connection->execute('usuarios')
#2 C:\xampp\htdocs\Plantilla\system\Database\BaseConnection.php(606): CodeIgniter\Database\BaseConnection->simpleQuery('usuarios')
#3 C:\xampp\htdocs\Plantilla\app\Database\Seeds\usuariosSeeder.php(16): CodeIgniter\Database\BaseConnection->query('usuarios')
#4 C:\xampp\htdocs\Plantilla\system\Database\Seeder.php(146): App\Database\Seeds\usuariosSeeder->run()
#5 C:\xampp\htdocs\Plantilla\system\Commands\Database\Seed.php(77): CodeIgniter\Database\Seeder->call('App\\Database\\Se...')
#6 C:\xampp\htdocs\Plantilla\system\CLI\Commands.php(65): CodeIgniter\Commands\Database\Seed->run(Array)
#7 C:\xampp\htdocs\Plantilla\system\CLI\Console.php(37): CodeIgniter\CLI\Commands->run('db:seed', Array)
#8 C:\xampp\htdocs\Plantilla\spark(97): CodeIgniter\CLI\Console->run()
#9 {main}
ERROR - 2023-04-30 20:40:54 --> mysqli_sql_exception: You have an error in your SQL syntax; check the manual that corresponds to your MariaDB server version for the right syntax to use near 'usuarios' at line 1 in C:\xampp\htdocs\Plantilla\system\Database\MySQLi\Connection.php:295
Stack trace:
#0 C:\xampp\htdocs\Plantilla\system\Database\MySQLi\Connection.php(295): mysqli->query('usuarios', 0)
#1 C:\xampp\htdocs\Plantilla\system\Database\BaseConnection.php(692): CodeIgniter\Database\MySQLi\Connection->execute('usuarios')
#2 C:\xampp\htdocs\Plantilla\system\Database\BaseConnection.php(606): CodeIgniter\Database\BaseConnection->simpleQuery('usuarios')
#3 C:\xampp\htdocs\Plantilla\app\Database\Seeds\usuariosSeeder.php(16): CodeIgniter\Database\BaseConnection->query('usuarios')
#4 C:\xampp\htdocs\Plantilla\system\Database\Seeder.php(146): App\Database\Seeds\usuariosSeeder->run()
#5 C:\xampp\htdocs\Plantilla\system\Commands\Database\Seed.php(77): CodeIgniter\Database\Seeder->call('App\\Database\\Se...')
#6 C:\xampp\htdocs\Plantilla\system\CLI\Commands.php(65): CodeIgniter\Commands\Database\Seed->run(Array)
#7 C:\xampp\htdocs\Plantilla\system\CLI\Console.php(37): CodeIgniter\CLI\Commands->run('db:seed', Array)
#8 C:\xampp\htdocs\Plantilla\spark(97): CodeIgniter\CLI\Console->run()
#9 {main}
CRITICAL - 2023-04-30 21:08:46 --> Invalid file: "welcome_message.php"
in SYSTEMPATH\Exceptions\FrameworkException.php on line 33.
 1 SYSTEMPATH\View\View.php(201): CodeIgniter\Exceptions\FrameworkException::forInvalidFile('welcome_message.php')
 2 SYSTEMPATH\Common.php(1184): CodeIgniter\View\View->render('welcome_message', [], true)
 3 APPPATH\Controllers\Home.php(9): view('welcome_message')
 4 SYSTEMPATH\CodeIgniter.php(934): App\Controllers\Home->index()
 5 SYSTEMPATH\CodeIgniter.php(499): CodeIgniter\CodeIgniter->runController(Object(App\Controllers\Home))
 6 SYSTEMPATH\CodeIgniter.php(368): CodeIgniter\CodeIgniter->handleRequest(null, Object(Config\Cache), false)
 7 FCPATH\index.php(67): CodeIgniter\CodeIgniter->run()
CRITICAL - 2023-04-30 21:09:00 --> Invalid file: "welcome_message.php"
in SYSTEMPATH\Exceptions\FrameworkException.php on line 33.
 1 SYSTEMPATH\View\View.php(201): CodeIgniter\Exceptions\FrameworkException::forInvalidFile('welcome_message.php')
 2 SYSTEMPATH\Common.php(1184): CodeIgniter\View\View->render('welcome_message', [], true)
 3 APPPATH\Controllers\Home.php(9): view('welcome_message')
 4 SYSTEMPATH\CodeIgniter.php(934): App\Controllers\Home->index()
 5 SYSTEMPATH\CodeIgniter.php(499): CodeIgniter\CodeIgniter->runController(Object(App\Controllers\Home))
 6 SYSTEMPATH\CodeIgniter.php(368): CodeIgniter\CodeIgniter->handleRequest(null, Object(Config\Cache), false)
 7 FCPATH\index.php(67): CodeIgniter\CodeIgniter->run()
