CRITICAL - 2023-05-01 18:54:43 --> Invalid file: "welcome_message.php"
in SYSTEMPATH\Exceptions\FrameworkException.php on line 33.
 1 SYSTEMPATH\View\View.php(201): CodeIgniter\Exceptions\FrameworkException::forInvalidFile('welcome_message.php')
 2 SYSTEMPATH\Common.php(1184): CodeIgniter\View\View->render('welcome_message', [], true)
 3 APPPATH\Controllers\Home.php(9): view('welcome_message')
 4 SYSTEMPATH\CodeIgniter.php(934): App\Controllers\Home->index()
 5 SYSTEMPATH\CodeIgniter.php(499): CodeIgniter\CodeIgniter->runController(Object(App\Controllers\Home))
 6 SYSTEMPATH\CodeIgniter.php(368): CodeIgniter\CodeIgniter->handleRequest(null, Object(Config\Cache), false)
 7 FCPATH\index.php(67): CodeIgniter\CodeIgniter->run()
ERROR - 2023-05-01 19:40:56 --> mysqli_sql_exception: Table 'vulpisbd.usuario' doesn't exist in C:\xampp\htdocs\Plantilla\system\Database\MySQLi\Connection.php:295
Stack trace:
#0 C:\xampp\htdocs\Plantilla\system\Database\MySQLi\Connection.php(295): mysqli->query('INSERT INTO `us...', 0)
#1 C:\xampp\htdocs\Plantilla\system\Database\BaseConnection.php(692): CodeIgniter\Database\MySQLi\Connection->execute('INSERT INTO `us...')
#2 C:\xampp\htdocs\Plantilla\system\Database\BaseConnection.php(606): CodeIgniter\Database\BaseConnection->simpleQuery('INSERT INTO `us...')
#3 C:\xampp\htdocs\Plantilla\system\Database\BaseBuilder.php(2309): CodeIgniter\Database\BaseConnection->query('INSERT INTO `us...', Array, false)
#4 C:\xampp\htdocs\Plantilla\app\Database\Seeds\usuariosSeeder.php(18): CodeIgniter\Database\BaseBuilder->insert(Array)
#5 C:\xampp\htdocs\Plantilla\system\Database\Seeder.php(146): App\Database\Seeds\usuariosSeeder->run()
#6 C:\xampp\htdocs\Plantilla\system\Commands\Database\Seed.php(77): CodeIgniter\Database\Seeder->call('App\\Database\\Se...')
#7 C:\xampp\htdocs\Plantilla\system\CLI\Commands.php(65): CodeIgniter\Commands\Database\Seed->run(Array)
#8 C:\xampp\htdocs\Plantilla\system\CLI\Console.php(37): CodeIgniter\CLI\Commands->run('db:seed', Array)
#9 C:\xampp\htdocs\Plantilla\spark(97): CodeIgniter\CLI\Console->run()
#10 {main}
ERROR - 2023-05-01 19:43:43 --> mysqli_sql_exception: Table 'vulpisbd.usuario' doesn't exist in C:\xampp\htdocs\Plantilla\system\Database\MySQLi\Connection.php:295
Stack trace:
#0 C:\xampp\htdocs\Plantilla\system\Database\MySQLi\Connection.php(295): mysqli->query('INSERT INTO `us...', 0)
#1 C:\xampp\htdocs\Plantilla\system\Database\BaseConnection.php(692): CodeIgniter\Database\MySQLi\Connection->execute('INSERT INTO `us...')
#2 C:\xampp\htdocs\Plantilla\system\Database\BaseConnection.php(606): CodeIgniter\Database\BaseConnection->simpleQuery('INSERT INTO `us...')
#3 C:\xampp\htdocs\Plantilla\system\Database\BaseBuilder.php(2309): CodeIgniter\Database\BaseConnection->query('INSERT INTO `us...', Array, false)
#4 C:\xampp\htdocs\Plantilla\app\Database\Seeds\usuariosSeeder.php(14): CodeIgniter\Database\BaseBuilder->insert(Array)
#5 C:\xampp\htdocs\Plantilla\system\Database\Seeder.php(146): App\Database\Seeds\usuariosSeeder->run()
#6 C:\xampp\htdocs\Plantilla\system\Commands\Database\Seed.php(77): CodeIgniter\Database\Seeder->call('App\\Database\\Se...')
#7 C:\xampp\htdocs\Plantilla\system\CLI\Commands.php(65): CodeIgniter\Commands\Database\Seed->run(Array)
#8 C:\xampp\htdocs\Plantilla\system\CLI\Console.php(37): CodeIgniter\CLI\Commands->run('db:seed', Array)
#9 C:\xampp\htdocs\Plantilla\spark(97): CodeIgniter\CLI\Console->run()
#10 {main}
CRITICAL - 2023-05-01 21:04:44 --> Undefined variable $usuarioModel
in APPPATH\Controllers\ContactoController.php on line 58.
 1 APPPATH\Controllers\ContactoController.php(58): CodeIgniter\Debug\Exceptions->errorHandler(2, 'Undefined variable $usuarioModel', 'C:\\xampp\\htdocs\\Plantilla\\app\\Controllers\\ContactoController.php', 58)
 2 SYSTEMPATH\CodeIgniter.php(934): App\Controllers\ContactoController->loginPost()
 3 SYSTEMPATH\CodeIgniter.php(499): CodeIgniter\CodeIgniter->runController(Object(App\Controllers\ContactoController))
 4 SYSTEMPATH\CodeIgniter.php(368): CodeIgniter\CodeIgniter->handleRequest(null, Object(Config\Cache), false)
 5 FCPATH\index.php(67): CodeIgniter\CodeIgniter->run()
CRITICAL - 2023-05-01 21:05:58 --> Undefined variable $usuarioModel
in APPPATH\Controllers\ContactoController.php on line 58.
 1 APPPATH\Controllers\ContactoController.php(58): CodeIgniter\Debug\Exceptions->errorHandler(2, 'Undefined variable $usuarioModel', 'C:\\xampp\\htdocs\\Plantilla\\app\\Controllers\\ContactoController.php', 58)
 2 SYSTEMPATH\CodeIgniter.php(934): App\Controllers\ContactoController->loginPost()
 3 SYSTEMPATH\CodeIgniter.php(499): CodeIgniter\CodeIgniter->runController(Object(App\Controllers\ContactoController))
 4 SYSTEMPATH\CodeIgniter.php(368): CodeIgniter\CodeIgniter->handleRequest(null, Object(Config\Cache), false)
 5 FCPATH\index.php(67): CodeIgniter\CodeIgniter->run()
CRITICAL - 2023-05-01 21:07:09 --> Undefined variable $usuariosModel
in APPPATH\Controllers\ContactoController.php on line 58.
 1 APPPATH\Controllers\ContactoController.php(58): CodeIgniter\Debug\Exceptions->errorHandler(2, 'Undefined variable $usuariosModel', 'C:\\xampp\\htdocs\\Plantilla\\app\\Controllers\\ContactoController.php', 58)
 2 SYSTEMPATH\CodeIgniter.php(934): App\Controllers\ContactoController->loginPost()
 3 SYSTEMPATH\CodeIgniter.php(499): CodeIgniter\CodeIgniter->runController(Object(App\Controllers\ContactoController))
 4 SYSTEMPATH\CodeIgniter.php(368): CodeIgniter\CodeIgniter->handleRequest(null, Object(Config\Cache), false)
 5 FCPATH\index.php(67): CodeIgniter\CodeIgniter->run()
CRITICAL - 2023-05-01 21:07:55 --> Undefined variable $usuariosModel
in APPPATH\Controllers\ContactoController.php on line 58.
 1 APPPATH\Controllers\ContactoController.php(58): CodeIgniter\Debug\Exceptions->errorHandler(2, 'Undefined variable $usuariosModel', 'C:\\xampp\\htdocs\\Plantilla\\app\\Controllers\\ContactoController.php', 58)
 2 SYSTEMPATH\CodeIgniter.php(934): App\Controllers\ContactoController->loginPost()
 3 SYSTEMPATH\CodeIgniter.php(499): CodeIgniter\CodeIgniter->runController(Object(App\Controllers\ContactoController))
 4 SYSTEMPATH\CodeIgniter.php(368): CodeIgniter\CodeIgniter->handleRequest(null, Object(Config\Cache), false)
 5 FCPATH\index.php(67): CodeIgniter\CodeIgniter->run()
CRITICAL - 2023-05-01 21:12:18 --> Undefined variable $usuariosModel
in APPPATH\Controllers\ContactoController.php on line 57.
 1 APPPATH\Controllers\ContactoController.php(57): CodeIgniter\Debug\Exceptions->errorHandler(2, 'Undefined variable $usuariosModel', 'C:\\xampp\\htdocs\\Plantilla\\app\\Controllers\\ContactoController.php', 57)
 2 SYSTEMPATH\CodeIgniter.php(934): App\Controllers\ContactoController->loginPost()
 3 SYSTEMPATH\CodeIgniter.php(499): CodeIgniter\CodeIgniter->runController(Object(App\Controllers\ContactoController))
 4 SYSTEMPATH\CodeIgniter.php(368): CodeIgniter\CodeIgniter->handleRequest(null, Object(Config\Cache), false)
 5 FCPATH\index.php(67): CodeIgniter\CodeIgniter->run()
CRITICAL - 2023-05-01 21:12:49 --> Undefined variable $usuariosModel
in APPPATH\Controllers\ContactoController.php on line 57.
 1 APPPATH\Controllers\ContactoController.php(57): CodeIgniter\Debug\Exceptions->errorHandler(2, 'Undefined variable $usuariosModel', 'C:\\xampp\\htdocs\\Plantilla\\app\\Controllers\\ContactoController.php', 57)
 2 SYSTEMPATH\CodeIgniter.php(934): App\Controllers\ContactoController->loginPost()
 3 SYSTEMPATH\CodeIgniter.php(499): CodeIgniter\CodeIgniter->runController(Object(App\Controllers\ContactoController))
 4 SYSTEMPATH\CodeIgniter.php(368): CodeIgniter\CodeIgniter->handleRequest(null, Object(Config\Cache), false)
 5 FCPATH\index.php(67): CodeIgniter\CodeIgniter->run()
CRITICAL - 2023-05-01 21:15:04 --> Undefined variable $usuariosModel
in APPPATH\Controllers\ContactoController.php on line 57.
 1 APPPATH\Controllers\ContactoController.php(57): CodeIgniter\Debug\Exceptions->errorHandler(2, 'Undefined variable $usuariosModel', 'C:\\xampp\\htdocs\\Plantilla\\app\\Controllers\\ContactoController.php', 57)
 2 SYSTEMPATH\CodeIgniter.php(934): App\Controllers\ContactoController->loginPost()
 3 SYSTEMPATH\CodeIgniter.php(499): CodeIgniter\CodeIgniter->runController(Object(App\Controllers\ContactoController))
 4 SYSTEMPATH\CodeIgniter.php(368): CodeIgniter\CodeIgniter->handleRequest(null, Object(Config\Cache), false)
 5 FCPATH\index.php(67): CodeIgniter\CodeIgniter->run()
CRITICAL - 2023-05-01 21:17:00 --> Undefined variable $usuariosModel
in APPPATH\Controllers\ContactoController.php on line 57.
 1 APPPATH\Controllers\ContactoController.php(57): CodeIgniter\Debug\Exceptions->errorHandler(2, 'Undefined variable $usuariosModel', 'C:\\xampp\\htdocs\\Plantilla\\app\\Controllers\\ContactoController.php', 57)
 2 SYSTEMPATH\CodeIgniter.php(934): App\Controllers\ContactoController->loginPost()
 3 SYSTEMPATH\CodeIgniter.php(499): CodeIgniter\CodeIgniter->runController(Object(App\Controllers\ContactoController))
 4 SYSTEMPATH\CodeIgniter.php(368): CodeIgniter\CodeIgniter->handleRequest(null, Object(Config\Cache), false)
 5 FCPATH\index.php(67): CodeIgniter\CodeIgniter->run()
CRITICAL - 2023-05-01 21:17:36 --> Undefined variable $usuariosModel
in APPPATH\Controllers\ContactoController.php on line 59.
 1 APPPATH\Controllers\ContactoController.php(59): CodeIgniter\Debug\Exceptions->errorHandler(2, 'Undefined variable $usuariosModel', 'C:\\xampp\\htdocs\\Plantilla\\app\\Controllers\\ContactoController.php', 59)
 2 SYSTEMPATH\CodeIgniter.php(934): App\Controllers\ContactoController->loginPost()
 3 SYSTEMPATH\CodeIgniter.php(499): CodeIgniter\CodeIgniter->runController(Object(App\Controllers\ContactoController))
 4 SYSTEMPATH\CodeIgniter.php(368): CodeIgniter\CodeIgniter->handleRequest(null, Object(Config\Cache), false)
 5 FCPATH\index.php(67): CodeIgniter\CodeIgniter->run()
ERROR - 2023-05-01 21:19:13 --> mysqli_sql_exception: Unknown column 'usuario' in 'where clause' in C:\xampp\htdocs\Plantilla\system\Database\MySQLi\Connection.php:295
Stack trace:
#0 C:\xampp\htdocs\Plantilla\system\Database\MySQLi\Connection.php(295): mysqli->query('SELECT *\nFROM `...', 0)
#1 C:\xampp\htdocs\Plantilla\system\Database\BaseConnection.php(692): CodeIgniter\Database\MySQLi\Connection->execute('SELECT *\nFROM `...')
#2 C:\xampp\htdocs\Plantilla\system\Database\BaseConnection.php(606): CodeIgniter\Database\BaseConnection->simpleQuery('SELECT *\nFROM `...')
#3 C:\xampp\htdocs\Plantilla\system\Database\BaseBuilder.php(1616): CodeIgniter\Database\BaseConnection->query('SELECT *\nFROM `...', Array, false)
#4 C:\xampp\htdocs\Plantilla\app\Models\usuariosModel.php(9): CodeIgniter\Database\BaseBuilder->get()
#5 C:\xampp\htdocs\Plantilla\app\Controllers\ContactoController.php(59): App\Models\usuariosModel->obtenerUsuario(Array)
#6 C:\xampp\htdocs\Plantilla\system\CodeIgniter.php(934): App\Controllers\ContactoController->loginPost()
#7 C:\xampp\htdocs\Plantilla\system\CodeIgniter.php(499): CodeIgniter\CodeIgniter->runController(Object(App\Controllers\ContactoController))
#8 C:\xampp\htdocs\Plantilla\system\CodeIgniter.php(368): CodeIgniter\CodeIgniter->handleRequest(NULL, Object(Config\Cache), false)
#9 C:\xampp\htdocs\Plantilla\index.php(67): CodeIgniter\CodeIgniter->run()
#10 {main}
CRITICAL - 2023-05-01 21:19:13 --> Unknown column 'usuario' in 'where clause'
in SYSTEMPATH\Database\MySQLi\Connection.php on line 295.
 1 SYSTEMPATH\Database\MySQLi\Connection.php(295): mysqli->query('SELECT *
FROM `usuarios`
WHERE `usuario` = \'AdminVulpis\'', 0)
 2 SYSTEMPATH\Database\BaseConnection.php(692): CodeIgniter\Database\MySQLi\Connection->execute('SELECT *
FROM `usuarios`
WHERE `usuario` = \'AdminVulpis\'')
 3 SYSTEMPATH\Database\BaseConnection.php(606): CodeIgniter\Database\BaseConnection->simpleQuery('SELECT *
FROM `usuarios`
WHERE `usuario` = \'AdminVulpis\'')
 4 SYSTEMPATH\Database\BaseBuilder.php(1616): CodeIgniter\Database\BaseConnection->query('SELECT *
FROM `usuarios`
WHERE `usuario` = :usuario:', [...], false)
 5 APPPATH\Models\usuariosModel.php(9): CodeIgniter\Database\BaseBuilder->get()
 6 APPPATH\Controllers\ContactoController.php(59): App\Models\usuariosModel->obtenerUsuario([...])
 7 SYSTEMPATH\CodeIgniter.php(934): App\Controllers\ContactoController->loginPost()
 8 SYSTEMPATH\CodeIgniter.php(499): CodeIgniter\CodeIgniter->runController(Object(App\Controllers\ContactoController))
 9 SYSTEMPATH\CodeIgniter.php(368): CodeIgniter\CodeIgniter->handleRequest(null, Object(Config\Cache), false)
10 FCPATH\index.php(67): CodeIgniter\CodeIgniter->run()
ERROR - 2023-05-01 21:23:07 --> mysqli_sql_exception: Unknown column 'usuario' in 'where clause' in C:\xampp\htdocs\Plantilla\system\Database\MySQLi\Connection.php:295
Stack trace:
#0 C:\xampp\htdocs\Plantilla\system\Database\MySQLi\Connection.php(295): mysqli->query('SELECT *\nFROM `...', 0)
#1 C:\xampp\htdocs\Plantilla\system\Database\BaseConnection.php(692): CodeIgniter\Database\MySQLi\Connection->execute('SELECT *\nFROM `...')
#2 C:\xampp\htdocs\Plantilla\system\Database\BaseConnection.php(606): CodeIgniter\Database\BaseConnection->simpleQuery('SELECT *\nFROM `...')
#3 C:\xampp\htdocs\Plantilla\system\Database\BaseBuilder.php(1616): CodeIgniter\Database\BaseConnection->query('SELECT *\nFROM `...', Array, false)
#4 C:\xampp\htdocs\Plantilla\app\Models\usuariosModel.php(9): CodeIgniter\Database\BaseBuilder->get()
#5 C:\xampp\htdocs\Plantilla\app\Controllers\ContactoController.php(59): App\Models\usuariosModel->obtenerUsuario(Array)
#6 C:\xampp\htdocs\Plantilla\system\CodeIgniter.php(934): App\Controllers\ContactoController->loginPost()
#7 C:\xampp\htdocs\Plantilla\system\CodeIgniter.php(499): CodeIgniter\CodeIgniter->runController(Object(App\Controllers\ContactoController))
#8 C:\xampp\htdocs\Plantilla\system\CodeIgniter.php(368): CodeIgniter\CodeIgniter->handleRequest(NULL, Object(Config\Cache), false)
#9 C:\xampp\htdocs\Plantilla\index.php(67): CodeIgniter\CodeIgniter->run()
#10 {main}
CRITICAL - 2023-05-01 21:23:07 --> Unknown column 'usuario' in 'where clause'
in SYSTEMPATH\Database\MySQLi\Connection.php on line 295.
 1 SYSTEMPATH\Database\MySQLi\Connection.php(295): mysqli->query('SELECT *
FROM `usuarios`
WHERE `usuario` = \'AdminVulpis\'', 0)
 2 SYSTEMPATH\Database\BaseConnection.php(692): CodeIgniter\Database\MySQLi\Connection->execute('SELECT *
FROM `usuarios`
WHERE `usuario` = \'AdminVulpis\'')
 3 SYSTEMPATH\Database\BaseConnection.php(606): CodeIgniter\Database\BaseConnection->simpleQuery('SELECT *
FROM `usuarios`
WHERE `usuario` = \'AdminVulpis\'')
 4 SYSTEMPATH\Database\BaseBuilder.php(1616): CodeIgniter\Database\BaseConnection->query('SELECT *
FROM `usuarios`
WHERE `usuario` = :usuario:', [...], false)
 5 APPPATH\Models\usuariosModel.php(9): CodeIgniter\Database\BaseBuilder->get()
 6 APPPATH\Controllers\ContactoController.php(59): App\Models\usuariosModel->obtenerUsuario([...])
 7 SYSTEMPATH\CodeIgniter.php(934): App\Controllers\ContactoController->loginPost()
 8 SYSTEMPATH\CodeIgniter.php(499): CodeIgniter\CodeIgniter->runController(Object(App\Controllers\ContactoController))
 9 SYSTEMPATH\CodeIgniter.php(368): CodeIgniter\CodeIgniter->handleRequest(null, Object(Config\Cache), false)
10 FCPATH\index.php(67): CodeIgniter\CodeIgniter->run()
CRITICAL - 2023-05-01 21:24:43 --> syntax error, unexpected token "=>", expecting ")"
in APPPATH\Models\usuariosModel.php on line 8.
 1 SYSTEMPATH\Autoloader\Autoloader.php(289): CodeIgniter\Autoloader\Autoloader->includeFile('C:\\xampp\\htdocs\\Plantilla\\app\\Models\\usuariosModel.php')
 2 SYSTEMPATH\Autoloader\Autoloader.php(267): CodeIgniter\Autoloader\Autoloader->loadInNamespace('App\\Models\\usuariosModel')
 3 APPPATH\Controllers\ContactoController.php(57): CodeIgniter\Autoloader\Autoloader->loadClass('App\\Models\\usuariosModel')
 4 SYSTEMPATH\CodeIgniter.php(934): App\Controllers\ContactoController->loginPost()
 5 SYSTEMPATH\CodeIgniter.php(499): CodeIgniter\CodeIgniter->runController(Object(App\Controllers\ContactoController))
 6 SYSTEMPATH\CodeIgniter.php(368): CodeIgniter\CodeIgniter->handleRequest(null, Object(Config\Cache), false)
 7 FCPATH\index.php(67): CodeIgniter\CodeIgniter->run()
ERROR - 2023-05-01 21:26:27 --> mysqli_sql_exception: Unknown column 'usuario' in 'where clause' in C:\xampp\htdocs\Plantilla\system\Database\MySQLi\Connection.php:295
Stack trace:
#0 C:\xampp\htdocs\Plantilla\system\Database\MySQLi\Connection.php(295): mysqli->query('SELECT *\nFROM `...', 0)
#1 C:\xampp\htdocs\Plantilla\system\Database\BaseConnection.php(692): CodeIgniter\Database\MySQLi\Connection->execute('SELECT *\nFROM `...')
#2 C:\xampp\htdocs\Plantilla\system\Database\BaseConnection.php(606): CodeIgniter\Database\BaseConnection->simpleQuery('SELECT *\nFROM `...')
#3 C:\xampp\htdocs\Plantilla\system\Database\BaseBuilder.php(1616): CodeIgniter\Database\BaseConnection->query('SELECT *\nFROM `...', Array, false)
#4 C:\xampp\htdocs\Plantilla\app\Models\usuariosModel.php(9): CodeIgniter\Database\BaseBuilder->get()
#5 C:\xampp\htdocs\Plantilla\app\Controllers\ContactoController.php(59): App\Models\usuariosModel->obtenerUsuario(Array)
#6 C:\xampp\htdocs\Plantilla\system\CodeIgniter.php(934): App\Controllers\ContactoController->loginPost()
#7 C:\xampp\htdocs\Plantilla\system\CodeIgniter.php(499): CodeIgniter\CodeIgniter->runController(Object(App\Controllers\ContactoController))
#8 C:\xampp\htdocs\Plantilla\system\CodeIgniter.php(368): CodeIgniter\CodeIgniter->handleRequest(NULL, Object(Config\Cache), false)
#9 C:\xampp\htdocs\Plantilla\index.php(67): CodeIgniter\CodeIgniter->run()
#10 {main}
CRITICAL - 2023-05-01 21:26:27 --> Unknown column 'usuario' in 'where clause'
in SYSTEMPATH\Database\MySQLi\Connection.php on line 295.
 1 SYSTEMPATH\Database\MySQLi\Connection.php(295): mysqli->query('SELECT *
FROM `usuarios`
WHERE `usuario` = \'AdminVulpis\'', 0)
 2 SYSTEMPATH\Database\BaseConnection.php(692): CodeIgniter\Database\MySQLi\Connection->execute('SELECT *
FROM `usuarios`
WHERE `usuario` = \'AdminVulpis\'')
 3 SYSTEMPATH\Database\BaseConnection.php(606): CodeIgniter\Database\BaseConnection->simpleQuery('SELECT *
FROM `usuarios`
WHERE `usuario` = \'AdminVulpis\'')
 4 SYSTEMPATH\Database\BaseBuilder.php(1616): CodeIgniter\Database\BaseConnection->query('SELECT *
FROM `usuarios`
WHERE `usuario` = :usuario:', [...], false)
 5 APPPATH\Models\usuariosModel.php(9): CodeIgniter\Database\BaseBuilder->get()
 6 APPPATH\Controllers\ContactoController.php(59): App\Models\usuariosModel->obtenerUsuario([...])
 7 SYSTEMPATH\CodeIgniter.php(934): App\Controllers\ContactoController->loginPost()
 8 SYSTEMPATH\CodeIgniter.php(499): CodeIgniter\CodeIgniter->runController(Object(App\Controllers\ContactoController))
 9 SYSTEMPATH\CodeIgniter.php(368): CodeIgniter\CodeIgniter->handleRequest(null, Object(Config\Cache), false)
10 FCPATH\index.php(67): CodeIgniter\CodeIgniter->run()
CRITICAL - 2023-05-01 21:28:25 --> Cannot access protected property CodeIgniter\Database\MySQLi\Builder::$db
in APPPATH\Models\usuariosModel.php on line 8.
 1 APPPATH\Controllers\ContactoController.php(59): App\Models\usuariosModel->obtenerUsuario([...])
 2 SYSTEMPATH\CodeIgniter.php(934): App\Controllers\ContactoController->loginPost()
 3 SYSTEMPATH\CodeIgniter.php(499): CodeIgniter\CodeIgniter->runController(Object(App\Controllers\ContactoController))
 4 SYSTEMPATH\CodeIgniter.php(368): CodeIgniter\CodeIgniter->handleRequest(null, Object(Config\Cache), false)
 5 FCPATH\index.php(67): CodeIgniter\CodeIgniter->run()
CRITICAL - 2023-05-01 21:28:56 --> Undefined property: CodeIgniter\Database\MySQLi\Builder::$where
in APPPATH\Models\usuariosModel.php on line 7.
 1 APPPATH\Models\usuariosModel.php(7): CodeIgniter\Debug\Exceptions->errorHandler(2, 'Undefined property: CodeIgniter\\Database\\MySQLi\\Builder::$where', 'C:\\xampp\\htdocs\\Plantilla\\app\\Models\\usuariosModel.php', 7)
 2 APPPATH\Controllers\ContactoController.php(59): App\Models\usuariosModel->obtenerUsuario([...])
 3 SYSTEMPATH\CodeIgniter.php(934): App\Controllers\ContactoController->loginPost()
 4 SYSTEMPATH\CodeIgniter.php(499): CodeIgniter\CodeIgniter->runController(Object(App\Controllers\ContactoController))
 5 SYSTEMPATH\CodeIgniter.php(368): CodeIgniter\CodeIgniter->handleRequest(null, Object(Config\Cache), false)
 6 FCPATH\index.php(67): CodeIgniter\CodeIgniter->run()
WARNING - 2023-05-01 21:29:23 --> [DEPRECATED] Creation of dynamic property CodeIgniter\Database\MySQLi\Builder::$where is deprecated in APPPATH\Models\usuariosModel.php on line 7.
 1 APPPATH\Controllers\ContactoController.php(59): App\Models\usuariosModel->obtenerUsuario([...])
 2 SYSTEMPATH\CodeIgniter.php(934): App\Controllers\ContactoController->loginPost()
 3 SYSTEMPATH\CodeIgniter.php(499): CodeIgniter\CodeIgniter->runController(Object(App\Controllers\ContactoController))
 4 SYSTEMPATH\CodeIgniter.php(368): CodeIgniter\CodeIgniter->handleRequest(null, Object(Config\Cache), false)
 5 FCPATH\index.php(67): CodeIgniter\CodeIgniter->run()
CRITICAL - 2023-05-01 21:29:23 --> Array to string conversion
in APPPATH\Models\usuariosModel.php on line 7.
 1 APPPATH\Models\usuariosModel.php(7): CodeIgniter\Debug\Exceptions->errorHandler(2, 'Array to string conversion', 'C:\\xampp\\htdocs\\Plantilla\\app\\Models\\usuariosModel.php', 7)
 2 APPPATH\Controllers\ContactoController.php(59): App\Models\usuariosModel->obtenerUsuario([...])
 3 SYSTEMPATH\CodeIgniter.php(934): App\Controllers\ContactoController->loginPost()
 4 SYSTEMPATH\CodeIgniter.php(499): CodeIgniter\CodeIgniter->runController(Object(App\Controllers\ContactoController))
 5 SYSTEMPATH\CodeIgniter.php(368): CodeIgniter\CodeIgniter->handleRequest(null, Object(Config\Cache), false)
 6 FCPATH\index.php(67): CodeIgniter\CodeIgniter->run()
